<?xml version="1.0" encoding="UTF-8"?>
<!-- Generated by org.testng.reporters.JUnitXMLReporter -->
<testsuite hostname="LAPTOP-7HB0GS3K" ignored="0" name="TestA" tests="1" failures="0" timestamp="09 Feb 2020 23:47:24 GMT" time="0.057" errors="0">
  <testcase name="@BeforeMethod openApplication" time="0.001" classname="testCases.HomePageTests">
    <failure type="java.lang.NullPointerException">
      <![CDATA[java.lang.NullPointerException
at testCases.HomePageTests.openApplication(HomePageTests.java:37)
... Removed 28 stack frames]]>
    </failure>
  </testcase> <!-- @BeforeMethod openApplication -->
  <testcase name="checkGetMyPriceButton" time="0.0" classname="testCases.HomePageTests">
    <skipped/>
  </testcase> <!-- checkGetMyPriceButton -->
</testsuite> <!-- TestA -->
