<?xml version="1.0" encoding="UTF-8"?>
<testng-results skipped="0" failed="0" ignored="0" total="1" passed="1">
  <reporter-output>
    <line>
      <![CDATA[I'm inside the 1st Test]]>
    </line>
    <line>
      <![CDATA[I'm gonna get the text 'Retrieve my car quote']]>
    </line>
    <line>
      <![CDATA[I'm gonna click 'Get My Price' button]]>
    </line>
    <line>
      <![CDATA[I'm gonna click 'Car' button]]>
    </line>
    <line>
      <![CDATA[I'm gonna click 'Next' button]]>
    </line>
    <line>
      <![CDATA[I'm gonna select 'Car year']]>
    </line>
    <line>
      <![CDATA[I'm gonna select 'Car make']]>
    </line>
    <line>
      <![CDATA[I'm gonna select 'Car model']]>
    </line>
    <line>
      <![CDATA[I'm gonna click 'Next' button]]>
    </line>
    <line>
      <![CDATA[I'm gonna input 'daily km']]>
    </line>
    <line>
      <![CDATA[I'm gonna select 'Annual km']]>
    </line>
    <line>
      <![CDATA[I'm gonna click 'Next' button]]>
    </line>
  </reporter-output>
  <suite name="Regression" duration-ms="16222" started-at="2020-02-10T00:10:52Z" finished-at="2020-02-10T00:11:08Z">
    <groups>
    </groups>
    <test name="Test1" duration-ms="16222" started-at="2020-02-10T00:10:52Z" finished-at="2020-02-10T00:11:08Z">
      <class name="testCases.HomePageTests">
        <test-method status="PASS" signature="openBrowser()[pri:0, instance:testCases.HomePageTests@4b9e13df]" name="openBrowser" is-config="true" duration-ms="4295" started-at="2020-02-10T00:10:47Z" finished-at="2020-02-10T00:10:52Z">
          <reporter-output>
          </reporter-output>
        </test-method> <!-- openBrowser -->
        <test-method status="PASS" signature="openApplication()[pri:0, instance:testCases.HomePageTests@4b9e13df]" name="openApplication" is-config="true" duration-ms="1665" started-at="2020-02-10T00:10:52Z" finished-at="2020-02-10T00:10:53Z">
          <reporter-output>
          </reporter-output>
        </test-method> <!-- openApplication -->
        <test-method status="PASS" signature="checkGetMyPriceButton()[pri:0, instance:testCases.HomePageTests@4b9e13df]" name="checkGetMyPriceButton" duration-ms="14513" started-at="2020-02-10T00:10:53Z" finished-at="2020-02-10T00:11:08Z">
          <reporter-output>
            <line>
              <![CDATA[I'm inside the 1st Test]]>
            </line>
            <line>
              <![CDATA[I'm gonna get the text 'Retrieve my car quote']]>
            </line>
            <line>
              <![CDATA[I'm gonna click 'Get My Price' button]]>
            </line>
            <line>
              <![CDATA[I'm gonna click 'Car' button]]>
            </line>
            <line>
              <![CDATA[I'm gonna click 'Next' button]]>
            </line>
            <line>
              <![CDATA[I'm gonna select 'Car year']]>
            </line>
            <line>
              <![CDATA[I'm gonna select 'Car make']]>
            </line>
            <line>
              <![CDATA[I'm gonna select 'Car model']]>
            </line>
            <line>
              <![CDATA[I'm gonna click 'Next' button]]>
            </line>
            <line>
              <![CDATA[I'm gonna input 'daily km']]>
            </line>
            <line>
              <![CDATA[I'm gonna select 'Annual km']]>
            </line>
            <line>
              <![CDATA[I'm gonna click 'Next' button]]>
            </line>
          </reporter-output>
        </test-method> <!-- checkGetMyPriceButton -->
      </class> <!-- testCases.HomePageTests -->
    </test> <!-- Test1 -->
  </suite> <!-- Regression -->
</testng-results>
