<?xml version="1.0" encoding="UTF-8"?>
<testng-results skipped="0" failed="0" ignored="0" total="1" passed="1">
  <reporter-output>
    <line>
      <![CDATA[I'm inside the 1st Test]]>
    </line>
    <line>
      <![CDATA[I'm gonna get the text 'Retrieve my car quote']]>
    </line>
    <line>
      <![CDATA[I'm gonna click 'Get My Price' button]]>
    </line>
    <line>
      <![CDATA[I'm gonna click 'Car' button]]>
    </line>
    <line>
      <![CDATA[I'm gonna click 'Next' button]]>
    </line>
    <line>
      <![CDATA[I'm gonna click 'Skip' button]]>
    </line>
    <line>
      <![CDATA[I'm gonna select 'Car year']]>
    </line>
    <line>
      <![CDATA[I'm gonna select 'Car make']]>
    </line>
    <line>
      <![CDATA[I'm gonna select 'Car model']]>
    </line>
    <line>
      <![CDATA[I'm gonna click 'Next' button]]>
    </line>
    <line>
      <![CDATA[I'm gonna input 'daily km']]>
    </line>
    <line>
      <![CDATA[I'm gonna select 'Annual km']]>
    </line>
    <line>
      <![CDATA[I'm gonna click 'Next' button]]>
    </line>
  </reporter-output>
  <suite name="Default suite" duration-ms="16610" started-at="2020-02-23T22:57:56Z" finished-at="2020-02-23T22:58:13Z">
    <groups>
    </groups>
    <test name="Default test" duration-ms="16610" started-at="2020-02-23T22:57:56Z" finished-at="2020-02-23T22:58:13Z">
      <class name="testCases.HomePageTests">
        <test-method status="PASS" signature="openBrowser()[pri:0, instance:testCases.HomePageTests@4b9e13df]" name="openBrowser" is-config="true" duration-ms="4460" started-at="2020-02-23T22:57:52Z" finished-at="2020-02-23T22:57:56Z">
          <reporter-output>
          </reporter-output>
        </test-method> <!-- openBrowser -->
        <test-method status="PASS" signature="openApplication()[pri:0, instance:testCases.HomePageTests@4b9e13df]" name="openApplication" is-config="true" duration-ms="1461" started-at="2020-02-23T22:57:57Z" finished-at="2020-02-23T22:57:58Z">
          <reporter-output>
          </reporter-output>
        </test-method> <!-- openApplication -->
        <test-method status="PASS" signature="checkGetMyPriceButton()[pri:0, instance:testCases.HomePageTests@4b9e13df]" name="checkGetMyPriceButton" duration-ms="15082" started-at="2020-02-23T22:57:58Z" finished-at="2020-02-23T22:58:13Z">
          <reporter-output>
            <line>
              <![CDATA[I'm inside the 1st Test]]>
            </line>
            <line>
              <![CDATA[I'm gonna get the text 'Retrieve my car quote']]>
            </line>
            <line>
              <![CDATA[I'm gonna click 'Get My Price' button]]>
            </line>
            <line>
              <![CDATA[I'm gonna click 'Car' button]]>
            </line>
            <line>
              <![CDATA[I'm gonna click 'Next' button]]>
            </line>
            <line>
              <![CDATA[I'm gonna click 'Skip' button]]>
            </line>
            <line>
              <![CDATA[I'm gonna select 'Car year']]>
            </line>
            <line>
              <![CDATA[I'm gonna select 'Car make']]>
            </line>
            <line>
              <![CDATA[I'm gonna select 'Car model']]>
            </line>
            <line>
              <![CDATA[I'm gonna click 'Next' button]]>
            </line>
            <line>
              <![CDATA[I'm gonna input 'daily km']]>
            </line>
            <line>
              <![CDATA[I'm gonna select 'Annual km']]>
            </line>
            <line>
              <![CDATA[I'm gonna click 'Next' button]]>
            </line>
          </reporter-output>
        </test-method> <!-- checkGetMyPriceButton -->
      </class> <!-- testCases.HomePageTests -->
    </test> <!-- Default test -->
  </suite> <!-- Default suite -->
</testng-results>
